{"/Users/Kobi/demo/TuteCumber/features/support/hooks.js":{"path":"/Users/Kobi/demo/TuteCumber/features/support/hooks.js","s":{"1":1,"2":1,"3":1,"4":1,"5":1,"6":1,"7":0,"8":1,"9":1,"10":1,"11":1,"12":1,"13":1,"14":1,"15":0,"16":1,"17":1,"18":1,"19":1,"20":1,"21":1,"22":1,"23":37,"24":0,"25":37,"26":0,"27":37,"28":37,"29":37,"30":37,"31":37,"32":37,"33":1,"34":37,"35":0,"36":37,"37":0,"38":37,"39":37,"40":1,"41":37,"42":37,"43":0,"44":37,"45":0,"46":37,"47":37,"48":37,"49":37,"50":37,"51":37,"52":37,"53":0},"b":{"1":[0,1],"2":[0,1],"3":[0,37],"4":[0,37],"5":[0,37],"6":[0,37],"7":[0,37],"8":[0,37]},"f":{"1":1,"2":1,"3":1,"4":1,"5":37,"6":37,"7":37},"fnMap":{"1":{"name":null,"anonymous":true,"line":1,"hash":"389016299fd4d36d1d0f720d17d5bae5","loc":{"start":{"line":1,"column":17},"end":{"line":1,"column":27}},"guessedName":"exports"},"2":{"name":null,"anonymous":true,"line":10,"hash":"03310c726cc042411693cf0f3b2a12b2","loc":{"start":{"line":10,"column":22},"end":{"line":10,"column":46}}},"3":{"name":null,"anonymous":true,"line":21,"hash":"d66983b729c7025e2b67fd78cff338e0","loc":{"start":{"line":21,"column":21},"end":{"line":21,"column":45}}},"4":{"name":null,"anonymous":true,"line":26,"hash":"abc38bce78ee66cebf88f202400c9f2a","loc":{"start":{"line":26,"column":33},"end":{"line":26,"column":43}}},"5":{"name":null,"anonymous":true,"line":32,"hash":"712c1fe116016830589e2488a7ff177e","loc":{"start":{"line":32,"column":18},"end":{"line":32,"column":38}}},"6":{"name":null,"anonymous":true,"line":47,"hash":"b2be958f8f8cf17324b2c82bf119d3c1","loc":{"start":{"line":47,"column":17},"end":{"line":47,"column":37}}},"7":{"name":null,"anonymous":true,"line":56,"hash":"d4dff176aff8a6a96aef472321b1fd24","loc":{"start":{"line":56,"column":18},"end":{"line":56,"column":44}}}},"statementMap":{"1":{"start":{"line":1,"column":0},"end":{"line":74,"column":1}},"2":{"start":{"line":2,"column":1},"end":{"line":2,"column":24}},"3":{"start":{"line":6,"column":4},"end":{"line":6,"column":37}},"4":{"start":{"line":8,"column":1},"end":{"line":73,"column":2}},"5":{"start":{"line":10,"column":2},"end":{"line":17,"column":5}},"6":{"start":{"line":11,"column":3},"end":{"line":11,"column":44}},"7":{"start":{"line":11,"column":30},"end":{"line":11,"column":44}},"8":{"start":{"line":12,"column":3},"end":{"line":12,"column":43}},"9":{"start":{"line":13,"column":3},"end":{"line":13,"column":38}},"10":{"start":{"line":14,"column":3},"end":{"line":14,"column":52}},"11":{"start":{"line":15,"column":3},"end":{"line":15,"column":115}},"12":{"start":{"line":16,"column":3},"end":{"line":16,"column":10}},"13":{"start":{"line":21,"column":2},"end":{"line":30,"column":5}},"14":{"start":{"line":22,"column":3},"end":{"line":22,"column":44}},"15":{"start":{"line":22,"column":30},"end":{"line":22,"column":44}},"16":{"start":{"line":23,"column":3},"end":{"line":23,"column":50}},"17":{"start":{"line":24,"column":3},"end":{"line":24,"column":99}},"18":{"start":{"line":25,"column":3},"end":{"line":25,"column":22}},"19":{"start":{"line":26,"column":3},"end":{"line":29,"column":6}},"20":{"start":{"line":27,"column":4},"end":{"line":27,"column":28}},"21":{"start":{"line":28,"column":4},"end":{"line":28,"column":11}},"22":{"start":{"line":32,"column":2},"end":{"line":44,"column":5}},"23":{"start":{"line":33,"column":3},"end":{"line":33,"column":38}},"24":{"start":{"line":33,"column":24},"end":{"line":33,"column":38}},"25":{"start":{"line":34,"column":3},"end":{"line":34,"column":44}},"26":{"start":{"line":34,"column":30},"end":{"line":34,"column":44}},"27":{"start":{"line":35,"column":3},"end":{"line":35,"column":55}},"28":{"start":{"line":37,"column":3},"end":{"line":37,"column":102}},"29":{"start":{"line":38,"column":3},"end":{"line":38,"column":85}},"30":{"start":{"line":40,"column":3},"end":{"line":40,"column":45}},"31":{"start":{"line":41,"column":3},"end":{"line":41,"column":143}},"32":{"start":{"line":43,"column":3},"end":{"line":43,"column":10}},"33":{"start":{"line":47,"column":2},"end":{"line":53,"column":5}},"34":{"start":{"line":48,"column":3},"end":{"line":48,"column":38}},"35":{"start":{"line":48,"column":24},"end":{"line":48,"column":38}},"36":{"start":{"line":49,"column":3},"end":{"line":49,"column":44}},"37":{"start":{"line":49,"column":30},"end":{"line":49,"column":44}},"38":{"start":{"line":50,"column":3},"end":{"line":50,"column":51}},"39":{"start":{"line":52,"column":3},"end":{"line":52,"column":10}},"40":{"start":{"line":56,"column":2},"end":{"line":69,"column":4}},"41":{"start":{"line":57,"column":3},"end":{"line":57,"column":35}},"42":{"start":{"line":58,"column":3},"end":{"line":58,"column":38}},"43":{"start":{"line":58,"column":24},"end":{"line":58,"column":38}},"44":{"start":{"line":59,"column":3},"end":{"line":59,"column":44}},"45":{"start":{"line":59,"column":30},"end":{"line":59,"column":44}},"46":{"start":{"line":61,"column":3},"end":{"line":61,"column":55}},"47":{"start":{"line":62,"column":3},"end":{"line":62,"column":102}},"48":{"start":{"line":63,"column":3},"end":{"line":63,"column":43}},"49":{"start":{"line":64,"column":3},"end":{"line":64,"column":39}},"50":{"start":{"line":66,"column":3},"end":{"line":66,"column":60}},"51":{"start":{"line":67,"column":3},"end":{"line":67,"column":152}},"52":{"start":{"line":68,"column":3},"end":{"line":68,"column":10}},"53":{"start":{"line":72,"column":2},"end":{"line":72,"column":17}}},"branchMap":{"1":{"line":11,"type":"if","locations":[{"start":{"line":11,"column":3},"end":{"line":11,"column":3}},{"start":{"line":11,"column":3},"end":{"line":11,"column":3}}]},"2":{"line":22,"type":"if","locations":[{"start":{"line":22,"column":3},"end":{"line":22,"column":3}},{"start":{"line":22,"column":3},"end":{"line":22,"column":3}}]},"3":{"line":33,"type":"if","locations":[{"start":{"line":33,"column":3},"end":{"line":33,"column":3}},{"start":{"line":33,"column":3},"end":{"line":33,"column":3}}]},"4":{"line":34,"type":"if","locations":[{"start":{"line":34,"column":3},"end":{"line":34,"column":3}},{"start":{"line":34,"column":3},"end":{"line":34,"column":3}}]},"5":{"line":48,"type":"if","locations":[{"start":{"line":48,"column":3},"end":{"line":48,"column":3}},{"start":{"line":48,"column":3},"end":{"line":48,"column":3}}]},"6":{"line":49,"type":"if","locations":[{"start":{"line":49,"column":3},"end":{"line":49,"column":3}},{"start":{"line":49,"column":3},"end":{"line":49,"column":3}}]},"7":{"line":58,"type":"if","locations":[{"start":{"line":58,"column":3},"end":{"line":58,"column":3}},{"start":{"line":58,"column":3},"end":{"line":58,"column":3}}]},"8":{"line":59,"type":"if","locations":[{"start":{"line":59,"column":3},"end":{"line":59,"column":3}},{"start":{"line":59,"column":3},"end":{"line":59,"column":3}}]}},"metadata":{"appData":{"appName":"","branchName":"","buildName":""},"relativePath":"features/support/hooks.js"}},"/Users/Kobi/demo/TuteCumber/features/support/world.js":{"path":"/Users/Kobi/demo/TuteCumber/features/support/world.js","s":{"1":1,"2":1,"3":9,"4":9,"5":9,"6":9,"7":10,"8":9,"9":20,"10":9,"11":4,"12":9,"13":7,"14":9,"15":0,"16":0,"17":9,"18":0,"19":0,"20":9},"b":{"1":[9,0]},"f":{"1":9,"2":10,"3":20,"4":4,"5":7,"6":0,"7":0},"fnMap":{"1":{"name":null,"anonymous":true,"line":3,"hash":"0902b4081d5754eb231d8730a6b6838b","loc":{"start":{"line":3,"column":31},"end":{"line":3,"column":50}},"guessedName":"World"},"2":{"name":null,"anonymous":true,"line":7,"hash":"95b11ad9f6071a7e7b2827f74bd55608","loc":{"start":{"line":7,"column":25},"end":{"line":7,"column":36}},"guessedName":"clearCalculator"},"3":{"name":null,"anonymous":true,"line":10,"hash":"1e56db811cf262e584d970674c87c6a1","loc":{"start":{"line":10,"column":13},"end":{"line":10,"column":27}},"guessedName":"add"},"4":{"name":null,"anonymous":true,"line":13,"hash":"9fe4ccc30a14d7fb0b699a6a30930916","loc":{"start":{"line":13,"column":19},"end":{"line":13,"column":33}},"guessedName":"substract"},"5":{"name":null,"anonymous":true,"line":16,"hash":"f222eeae66f99e683356180195ca16c2","loc":{"start":{"line":16,"column":16},"end":{"line":16,"column":27}},"guessedName":"result"},"6":{"name":null,"anonymous":true,"line":19,"hash":"e8ed40f0757cfe608524742375940270","loc":{"start":{"line":19,"column":26},"end":{"line":19,"column":37}},"guessedName":"doBeforeScenario"},"7":{"name":null,"anonymous":true,"line":23,"hash":"14f3e05fe58ea2165905aa5e38a2427e","loc":{"start":{"line":23,"column":25},"end":{"line":23,"column":36}},"guessedName":"doAfterScenario"}},"statementMap":{"1":{"start":{"line":1,"column":0},"end":{"line":1,"column":10}},"2":{"start":{"line":3,"column":0},"end":{"line":28,"column":2}},"3":{"start":{"line":4,"column":2},"end":{"line":4,"column":11}},"4":{"start":{"line":5,"column":2},"end":{"line":5,"column":38}},"5":{"start":{"line":6,"column":2},"end":{"line":6,"column":23}},"6":{"start":{"line":7,"column":2},"end":{"line":9,"column":4}},"7":{"start":{"line":8,"column":4},"end":{"line":8,"column":32}},"8":{"start":{"line":10,"column":2},"end":{"line":12,"column":4}},"9":{"start":{"line":11,"column":4},"end":{"line":11,"column":31}},"10":{"start":{"line":13,"column":2},"end":{"line":15,"column":4}},"11":{"start":{"line":14,"column":4},"end":{"line":14,"column":37}},"12":{"start":{"line":16,"column":2},"end":{"line":18,"column":4}},"13":{"start":{"line":17,"column":4},"end":{"line":17,"column":30}},"14":{"start":{"line":19,"column":2},"end":{"line":22,"column":4}},"15":{"start":{"line":20,"column":4},"end":{"line":20,"column":45}},"16":{"start":{"line":21,"column":4},"end":{"line":21,"column":13}},"17":{"start":{"line":23,"column":2},"end":{"line":26,"column":4}},"18":{"start":{"line":24,"column":4},"end":{"line":24,"column":47}},"19":{"start":{"line":25,"column":4},"end":{"line":25,"column":13}},"20":{"start":{"line":27,"column":2},"end":{"line":27,"column":25}}},"branchMap":{"1":{"line":27,"type":"binary-expr","locations":[{"start":{"line":27,"column":2},"end":{"line":27,"column":10}},{"start":{"line":27,"column":14},"end":{"line":27,"column":24}}]}},"metadata":{"appData":{"appName":"","branchName":"","buildName":""},"relativePath":"features/support/world.js"}},"/Users/Kobi/demo/TuteCumber/features/step_definitions/myStepDefitions.js":{"path":"/Users/Kobi/demo/TuteCumber/features/step_definitions/myStepDefitions.js","s":{"1":1,"2":1,"3":1,"4":10,"5":10,"6":1,"7":6,"8":6,"9":6,"10":1,"11":6,"12":6,"13":1,"14":2,"15":2,"16":2,"17":1,"18":2,"19":2,"20":1,"21":7,"22":7,"23":7,"24":6,"25":1},"b":{"1":[6,1]},"f":{"1":1,"2":10,"3":6,"4":6,"5":2,"6":2,"7":7},"fnMap":{"1":{"name":null,"anonymous":true,"line":1,"hash":"6cf017f3f6539e82c4604a27f48691f4","loc":{"start":{"line":1,"column":17},"end":{"line":1,"column":28}},"guessedName":"exports"},"2":{"name":null,"anonymous":true,"line":3,"hash":"fcc1cb458006d860530d91627dc4dc56","loc":{"start":{"line":3,"column":44},"end":{"line":3,"column":63}}},"3":{"name":null,"anonymous":true,"line":7,"hash":"53195b260ec4e3fc7fd4dc81391ff6ea","loc":{"start":{"line":7,"column":43},"end":{"line":7,"column":74}}},"4":{"name":null,"anonymous":true,"line":12,"hash":"b6ec5d249c6c7945fc651a8a576034da","loc":{"start":{"line":12,"column":34},"end":{"line":12,"column":59}}},"5":{"name":null,"anonymous":true,"line":16,"hash":"d76a161856aa69bae251fd8b3c431775","loc":{"start":{"line":16,"column":49},"end":{"line":16,"column":80}}},"6":{"name":null,"anonymous":true,"line":21,"hash":"36d1ecc418ea1486ff6628085051aea9","loc":{"start":{"line":21,"column":39},"end":{"line":21,"column":64}}},"7":{"name":null,"anonymous":true,"line":25,"hash":"060c5ae2efae21ebe4c5a818722a998b","loc":{"start":{"line":25,"column":46},"end":{"line":25,"column":71}}}},"statementMap":{"1":{"start":{"line":1,"column":0},"end":{"line":34,"column":2}},"2":{"start":{"line":2,"column":2},"end":{"line":2,"column":49}},"3":{"start":{"line":3,"column":2},"end":{"line":6,"column":5}},"4":{"start":{"line":4,"column":4},"end":{"line":4,"column":27}},"5":{"start":{"line":5,"column":4},"end":{"line":5,"column":15}},"6":{"start":{"line":7,"column":2},"end":{"line":11,"column":5}},"7":{"start":{"line":8,"column":4},"end":{"line":8,"column":19}},"8":{"start":{"line":9,"column":4},"end":{"line":9,"column":19}},"9":{"start":{"line":10,"column":4},"end":{"line":10,"column":15}},"10":{"start":{"line":12,"column":2},"end":{"line":15,"column":5}},"11":{"start":{"line":13,"column":4},"end":{"line":13,"column":19}},"12":{"start":{"line":14,"column":4},"end":{"line":14,"column":15}},"13":{"start":{"line":16,"column":2},"end":{"line":20,"column":5}},"14":{"start":{"line":17,"column":4},"end":{"line":17,"column":19}},"15":{"start":{"line":18,"column":4},"end":{"line":18,"column":25}},"16":{"start":{"line":19,"column":4},"end":{"line":19,"column":29}},"17":{"start":{"line":21,"column":2},"end":{"line":24,"column":5}},"18":{"start":{"line":22,"column":4},"end":{"line":22,"column":25}},"19":{"start":{"line":23,"column":4},"end":{"line":23,"column":15}},"20":{"start":{"line":25,"column":2},"end":{"line":33,"column":5}},"21":{"start":{"line":26,"column":4},"end":{"line":26,"column":15}},"22":{"start":{"line":27,"column":4},"end":{"line":27,"column":27}},"23":{"start":{"line":28,"column":4},"end":{"line":32,"column":5}},"24":{"start":{"line":29,"column":6},"end":{"line":29,"column":17}},"25":{"start":{"line":31,"column":6},"end":{"line":31,"column":56}}},"branchMap":{"1":{"line":28,"type":"if","locations":[{"start":{"line":28,"column":4},"end":{"line":28,"column":4}},{"start":{"line":28,"column":4},"end":{"line":28,"column":4}}]}},"metadata":{"appData":{"appName":"","branchName":"","buildName":""},"relativePath":"features/step_definitions/myStepDefitions.js"}},"/Users/Kobi/demo/TuteCumber/models/calc.js":{"path":"/Users/Kobi/demo/TuteCumber/models/calc.js","s":{"1":1,"2":1,"3":1,"4":1,"5":9,"6":1,"7":10,"8":1,"9":20,"10":1,"11":4,"12":1,"13":7,"14":1,"15":1},"b":{},"f":{"1":1,"2":9,"3":10,"4":20,"5":4,"6":7},"fnMap":{"1":{"name":null,"anonymous":true,"line":3,"hash":"1e3663a123c51a666d24bd42ee528078","loc":{"start":{"line":3,"column":8},"end":{"line":3,"column":19}}},"2":{"name":"Calc","anonymous":false,"line":6,"hash":"8679d7e63ea756ada3701572d55ef757","loc":{"start":{"line":6,"column":2},"end":{"line":6,"column":18}}},"3":{"name":null,"anonymous":true,"line":10,"hash":"e47c91b2c45443996fd8b65079c6c03b","loc":{"start":{"line":10,"column":35},"end":{"line":10,"column":46}},"guessedName":"clearCalculator"},"4":{"name":null,"anonymous":true,"line":14,"hash":"319d045848dc245d71f1b52c02808cb8","loc":{"start":{"line":14,"column":23},"end":{"line":14,"column":37}},"guessedName":"add"},"5":{"name":null,"anonymous":true,"line":18,"hash":"696c382d5edd3bb9c1768e8ff3e82eb6","loc":{"start":{"line":18,"column":29},"end":{"line":18,"column":43}},"guessedName":"substract"},"6":{"name":null,"anonymous":true,"line":22,"hash":"9ba6e45151fcc3b26b6ff56ddb6b83a6","loc":{"start":{"line":22,"column":26},"end":{"line":22,"column":37}},"guessedName":"result"}},"statementMap":{"1":{"start":{"line":1,"column":0},"end":{"line":1,"column":9}},"2":{"start":{"line":3,"column":0},"end":{"line":28,"column":5}},"3":{"start":{"line":4,"column":2},"end":{"line":4,"column":33}},"4":{"start":{"line":6,"column":2},"end":{"line":8,"column":3}},"5":{"start":{"line":7,"column":4},"end":{"line":7,"column":11}},"6":{"start":{"line":10,"column":2},"end":{"line":12,"column":4}},"7":{"start":{"line":11,"column":4},"end":{"line":11,"column":25}},"8":{"start":{"line":14,"column":2},"end":{"line":16,"column":4}},"9":{"start":{"line":15,"column":4},"end":{"line":15,"column":46}},"10":{"start":{"line":18,"column":2},"end":{"line":20,"column":4}},"11":{"start":{"line":19,"column":4},"end":{"line":19,"column":46}},"12":{"start":{"line":22,"column":2},"end":{"line":24,"column":4}},"13":{"start":{"line":23,"column":4},"end":{"line":23,"column":28}},"14":{"start":{"line":26,"column":2},"end":{"line":26,"column":14}},"15":{"start":{"line":30,"column":0},"end":{"line":30,"column":22}}},"branchMap":{},"metadata":{"appData":{"appName":"","branchName":"","buildName":""},"relativePath":"models/calc.js"}}}