TN:
SF:/Users/Kobi/demo/TuteCumber/features/support/hooks.js
FN:1,
FN:10,
FN:21,
FN:26,
FN:32,
FN:47,
FN:56,
FNF:7
FNH:7
FNDA:1,
FNDA:1,
FNDA:1,
FNDA:1,
FNDA:37,
FNDA:37,
FNDA:37,
DA:1,1
DA:2,1
DA:6,1
DA:8,1
DA:10,1
DA:11,1
DA:12,1
DA:13,1
DA:14,1
DA:15,1
DA:16,1
DA:21,1
DA:22,1
DA:23,1
DA:24,1
DA:25,1
DA:26,1
DA:27,1
DA:28,1
DA:32,1
DA:33,37
DA:34,37
DA:35,37
DA:37,37
DA:38,37
DA:40,37
DA:41,37
DA:43,37
DA:47,1
DA:48,37
DA:49,37
DA:50,37
DA:52,37
DA:56,1
DA:57,37
DA:58,37
DA:59,37
DA:61,37
DA:62,37
DA:63,37
DA:64,37
DA:66,37
DA:67,37
DA:68,37
DA:72,0
LF:45
LH:44
BRDA:11,1,0,0
BRDA:11,1,1,1
BRDA:22,2,0,0
BRDA:22,2,1,1
BRDA:33,3,0,0
BRDA:33,3,1,37
BRDA:34,4,0,0
BRDA:34,4,1,37
BRDA:48,5,0,0
BRDA:48,5,1,37
BRDA:49,6,0,0
BRDA:49,6,1,37
BRDA:58,7,0,0
BRDA:58,7,1,37
BRDA:59,8,0,0
BRDA:59,8,1,37
BRF:16
BRH:8
end_of_record
TN:
SF:/Users/Kobi/demo/TuteCumber/features/support/world.js
FN:3,
FN:7,
FN:10,
FN:13,
FN:16,
FN:19,
FN:23,
FNF:7
FNH:5
FNDA:9,
FNDA:10,
FNDA:20,
FNDA:4,
FNDA:7,
FNDA:0,
FNDA:0,
DA:1,1
DA:3,1
DA:4,9
DA:5,9
DA:6,9
DA:7,9
DA:8,10
DA:10,9
DA:11,20
DA:13,9
DA:14,4
DA:16,9
DA:17,7
DA:19,9
DA:20,0
DA:21,0
DA:23,9
DA:24,0
DA:25,0
DA:27,9
LF:20
LH:16
BRDA:27,1,0,9
BRDA:27,1,1,0
BRF:2
BRH:1
end_of_record
TN:
SF:/Users/Kobi/demo/TuteCumber/features/step_definitions/myStepDefitions.js
FN:1,
FN:3,
FN:7,
FN:12,
FN:16,
FN:21,
FN:25,
FNF:7
FNH:7
FNDA:1,
FNDA:10,
FNDA:6,
FNDA:6,
FNDA:2,
FNDA:2,
FNDA:7,
DA:1,1
DA:2,1
DA:3,1
DA:4,10
DA:5,10
DA:7,1
DA:8,6
DA:9,6
DA:10,6
DA:12,1
DA:13,6
DA:14,6
DA:16,1
DA:17,2
DA:18,2
DA:19,2
DA:21,1
DA:22,2
DA:23,2
DA:25,1
DA:26,7
DA:27,7
DA:28,7
DA:29,6
DA:31,1
LF:25
LH:25
BRDA:28,1,0,6
BRDA:28,1,1,1
BRF:2
BRH:2
end_of_record
TN:
SF:/Users/Kobi/demo/TuteCumber/models/calc.js
FN:3,
FN:6,Calc
FN:10,
FN:14,
FN:18,
FN:22,
FNF:6
FNH:6
FNDA:1,
FNDA:9,Calc
FNDA:10,
FNDA:20,
FNDA:4,
FNDA:7,
DA:1,1
DA:3,1
DA:4,1
DA:6,1
DA:7,9
DA:10,1
DA:11,10
DA:14,1
DA:15,20
DA:18,1
DA:19,4
DA:22,1
DA:23,7
DA:26,1
DA:30,1
LF:15
LH:15
BRF:0
BRH:0
end_of_record
